<?xml version="1.0" encoding="UTF-8"?>
<Site BuildName="(empty)"
	BuildStamp="20250731-0655-Experimental"
	Name="workstation"
	Generator="ctest-3.22.1"
	CompilerName="/usr/bin/g++"
	CompilerVersion="11.4.0"
	OSName="Linux"
	Hostname="workstation"
	OSRelease="6.8.0-65-generic"
	OSVersion="#68~22.04.1-Ubuntu SMP PREEMPT_DYNAMIC Tue Jul 15 18:06:34 UTC 2"
	OSPlatform="x86_64"
	Is64Bits="1"
	VendorString="AuthenticAMD"
	VendorID="Advanced Micro Devices"
	FamilyID="25"
	ModelID="80"
	ProcessorCacheSize="512"
	NumberOfLogicalCPU="16"
	NumberOfPhysicalCPU="8"
	TotalVirtualMemory="2047"
	TotalPhysicalMemory="15387"
	LogicalProcessorsPerPhysical="2"
	ProcessorClockFrequency="4141.92"
	>
	<Testing>
		<StartDateTime>Jul 30 23:55 PDT</StartDateTime>
		<StartTestTime>1753944921</StartTestTime>
		<TestList/>
		<EndDateTime>Jul 30 23:55 PDT</EndDateTime>
		<EndTestTime>1753944921</EndTestTime>
		<ElapsedMinutes>0</ElapsedMinutes>
	</Testing>
</Site>
